<?xml version="1.0" encoding="UTF-8"?>
<!-- Generated by org.testng.reporters.JUnitXMLReporter -->
<testsuite ignored="0" hostname="Taylors-MacBook-Pro-1.local" failures="1" tests="1" name="Test" time="7.761" errors="0" timestamp="15 Oct 2018 01:17:42 GMT">
  <testcase classname="seleniumTesting.HomePage" name="correctSportsDisplayedInContainer" time="0.155">
    <failure type="java.lang.AssertionError" message="NBA is Displayed expected [true] but found [false]">
      <![CDATA[java.lang.AssertionError: NBA is Displayed expected [true] but found [false]
	at seleniumTesting.HomePage.correctSportsDisplayedInContainer(HomePage.java:131)
... Removed 28 stack frames]]>
    </failure>
  </testcase> <!-- correctSportsDisplayedInContainer -->
</testsuite> <!-- Test -->
