<?xml version="1.0" encoding="UTF-8"?>
<!-- Generated by org.testng.reporters.JUnitXMLReporter -->
<testsuite ignored="0" hostname="Taylors-MacBook-Pro-1.local" failures="0" tests="7" name="Testing Home Page" time="24.891" errors="0" timestamp="23 Oct 2018 03:23:10 GMT">
  <testcase classname="tests.HomePageTests" name="@BeforeMethod openWebPage" time="13.836">
    <failure type="org.openqa.selenium.WebDriverException" message="chrome not reachable
  (Session info: chrome=69.0.3497.100)
  (Driver info: chromedriver=2.40.565386 (45a059dc425e08165f9a10324bd1380cc13ca363),platform=Mac OS X 10.13.1 x86_64) (WARNING: The server did not provide any stacktrace information)
Command duration or timeout: 0 milliseconds
Build info: version: &amp;apos;3.13.0&amp;apos;, revision: &amp;apos;2f0d292&amp;apos;, time: &amp;apos;2018-06-25T15:24:21.231Z&amp;apos;
System info: host: &amp;apos;Taylors-MacBook-Pro-1.local&amp;apos;, ip: &amp;apos;192.168.1.148&amp;apos;, os.name: &amp;apos;Mac OS X&amp;apos;, os.arch: &amp;apos;x86_64&amp;apos;, os.version: &amp;apos;10.13.1&amp;apos;, java.version: &amp;apos;10.0.1&amp;apos;
Driver info: org.openqa.selenium.chrome.ChromeDriver
Capabilities {acceptInsecureCerts: false, acceptSslCerts: false, applicationCacheEnabled: false, browserConnectionEnabled: false, browserName: chrome, chrome: {chromedriverVersion: 2.40.565386 (45a059dc425e08..., userDataDir: /var/folders/p1/980gjk8n7bs...}, cssSelectorsEnabled: true, databaseEnabled: false, handlesAlerts: true, hasTouchScreen: false, javascriptEnabled: true, locationContextEnabled: true, mobileEmulationEnabled: false, nativeEvents: true, networkConnectionEnabled: false, pageLoadStrategy: normal, platform: MAC, platformName: MAC, rotatable: false, setWindowRect: true, takesHeapSnapshot: true, takesScreenshot: true, unexpectedAlertBehaviour: , unhandledPromptBehavior: , version: 69.0.3497.100, webStorageEnabled: true}
Session ID: ffd7fd4c5912c395d987249908636d0d">
      <![CDATA[org.openqa.selenium.WebDriverException: chrome not reachable
  (Session info: chrome=69.0.3497.100)
  (Driver info: chromedriver=2.40.565386 (45a059dc425e08165f9a10324bd1380cc13ca363),platform=Mac OS X 10.13.1 x86_64) (WARNING: The server did not provide any stacktrace information)
Command duration or timeout: 0 milliseconds
Build info: version: '3.13.0', revision: '2f0d292', time: '2018-06-25T15:24:21.231Z'
System info: host: 'Taylors-MacBook-Pro-1.local', ip: '192.168.1.148', os.name: 'Mac OS X', os.arch: 'x86_64', os.version: '10.13.1', java.version: '10.0.1'
Driver info: org.openqa.selenium.chrome.ChromeDriver
Capabilities {acceptInsecureCerts: false, acceptSslCerts: false, applicationCacheEnabled: false, browserConnectionEnabled: false, browserName: chrome, chrome: {chromedriverVersion: 2.40.565386 (45a059dc425e08..., userDataDir: /var/folders/p1/980gjk8n7bs...}, cssSelectorsEnabled: true, databaseEnabled: false, handlesAlerts: true, hasTouchScreen: false, javascriptEnabled: true, locationContextEnabled: true, mobileEmulationEnabled: false, nativeEvents: true, networkConnectionEnabled: false, pageLoadStrategy: normal, platform: MAC, platformName: MAC, rotatable: false, setWindowRect: true, takesHeapSnapshot: true, takesScreenshot: true, unexpectedAlertBehaviour: , unhandledPromptBehavior: , version: 69.0.3497.100, webStorageEnabled: true}
Session ID: ffd7fd4c5912c395d987249908636d0d
at org.openqa.selenium.remote.ErrorHandler.createThrowable(ErrorHandler.java:214)
at org.openqa.selenium.remote.ErrorHandler.throwIfResponseFailed(ErrorHandler.java:166)
at org.openqa.selenium.remote.http.JsonHttpResponseCodec.reconstructValue(JsonHttpResponseCodec.java:40)
at org.openqa.selenium.remote.http.AbstractHttpResponseCodec.decode(AbstractHttpResponseCodec.java:80)
at org.openqa.selenium.remote.http.AbstractHttpResponseCodec.decode(AbstractHttpResponseCodec.java:44)
at org.openqa.selenium.remote.HttpCommandExecutor.execute(HttpCommandExecutor.java:158)
at org.openqa.selenium.remote.service.DriverCommandExecutor.execute(DriverCommandExecutor.java:83)
at org.openqa.selenium.remote.RemoteWebDriver.execute(RemoteWebDriver.java:548)
at org.openqa.selenium.remote.RemoteWebDriver.get(RemoteWebDriver.java:276)
at resources.TestBase.initializeDriver(TestBase.java:62)
at tests.HomePageTests.openWebPage(HomePageTests.java:24)
... Removed 32 stack frames]]>
    </failure>
  </testcase> <!-- @BeforeMethod openWebPage -->
  <testcase classname="tests.HomePageTests" name="@AfterMethod closeBrowser" time="0.0">
    <skipped/>
  </testcase> <!-- @AfterMethod closeBrowser -->
  <testcase classname="tests.HomePageTests" name="@BeforeMethod openWebPage" time="0.0">
    <skipped/>
  </testcase> <!-- @BeforeMethod openWebPage -->
  <testcase classname="tests.HomePageTests" name="@AfterMethod closeBrowser" time="0.0">
    <skipped/>
  </testcase> <!-- @AfterMethod closeBrowser -->
  <testcase classname="tests.HomePageTests" name="@BeforeMethod openWebPage" time="0.0">
    <skipped/>
  </testcase> <!-- @BeforeMethod openWebPage -->
  <testcase classname="tests.HomePageTests" name="@AfterMethod closeBrowser" time="0.0">
    <skipped/>
  </testcase> <!-- @AfterMethod closeBrowser -->
  <testcase classname="tests.HomePageTests" name="@BeforeMethod openWebPage" time="0.0">
    <skipped/>
  </testcase> <!-- @BeforeMethod openWebPage -->
  <testcase classname="tests.HomePageTests" name="@AfterMethod closeBrowser" time="0.0">
    <skipped/>
  </testcase> <!-- @AfterMethod closeBrowser -->
  <testcase classname="tests.HomePageTests" name="@BeforeMethod openWebPage" time="0.0">
    <skipped/>
  </testcase> <!-- @BeforeMethod openWebPage -->
  <testcase classname="tests.HomePageTests" name="@AfterMethod closeBrowser" time="0.0">
    <skipped/>
  </testcase> <!-- @AfterMethod closeBrowser -->
  <testcase classname="tests.HomePageTests" name="@BeforeMethod openWebPage" time="0.0">
    <skipped/>
  </testcase> <!-- @BeforeMethod openWebPage -->
  <testcase classname="tests.HomePageTests" name="@AfterMethod closeBrowser" time="0.0">
    <skipped/>
  </testcase> <!-- @AfterMethod closeBrowser -->
  <testcase classname="tests.HomePageTests" name="verifyAllSportsDisplayedInContainerTest" time="0.639"/>
  <testcase classname="tests.HomePageTests" name="verifyEnterPromoCodeLink" time="0.0">
    <skipped/>
  </testcase> <!-- verifyEnterPromoCodeLink -->
  <testcase classname="tests.HomePageTests" name="verifyEnterPromoCodeLinkText" time="0.0">
    <skipped/>
  </testcase> <!-- verifyEnterPromoCodeLinkText -->
  <testcase classname="tests.HomePageTests" name="verifyFAQText" time="0.0">
    <skipped/>
  </testcase> <!-- verifyFAQText -->
  <testcase classname="tests.HomePageTests" name="verifyFooterCompanyDirectoryLinks" time="0.0">
    <skipped/>
  </testcase> <!-- verifyFooterCompanyDirectoryLinks -->
  <testcase classname="tests.HomePageTests" name="verifyNavHeaderIsDisplayed" time="0.0">
    <skipped/>
  </testcase> <!-- verifyNavHeaderIsDisplayed -->
  <testcase classname="tests.HomePageTests" name="verifySignInText" time="0.0">
    <skipped/>
  </testcase> <!-- verifySignInText -->
</testsuite> <!-- Testing Home Page -->
