<?xml version="1.0" encoding="UTF-8"?>
<!-- Generated by org.testng.reporters.JUnitXMLReporter -->
<testsuite hostname="Taylors-MacBook-Pro-1.local" ignored="0" name="DraftKings.com Selenium Tests" tests="7" failures="1" timestamp="23 Oct 2018 03:42:44 GMT" time="119.493" errors="0">
  <testcase name="verifyAllSportsDisplayedInContainerTest" time="0.58" classname="tests.HomePageTests"/>
  <testcase name="verifyEnterPromoCodeLink" time="0.031" classname="tests.HomePageTests"/>
  <testcase name="verifyEnterPromoCodeLinkText" time="0.035" classname="tests.HomePageTests"/>
  <testcase name="verifyFAQText" time="0.033" classname="tests.HomePageTests"/>
  <testcase name="verifyFooterCompanyDirectoryLinks" time="62.245" classname="tests.HomePageTests">
    <failure type="java.lang.AssertionError" message="expected [8] but found [12]">
      <![CDATA[java.lang.AssertionError: expected [8] but found [12]
	at tests.HomePageTests.verifyFooterCompanyDirectoryLinks(HomePageTests.java:152)
... Removed 35 stack frames]]>
    </failure>
  </testcase> <!-- verifyFooterCompanyDirectoryLinks -->
  <testcase name="verifyNavHeaderIsDisplayed" time="0.029" classname="tests.HomePageTests"/>
  <testcase name="verifySignInText" time="0.034" classname="tests.HomePageTests"/>
</testsuite> <!-- DraftKings.com Selenium Tests -->
