<?xml version="1.0" encoding="UTF-8"?>
<!-- Generated by org.testng.reporters.JUnitXMLReporter -->
<testsuite hostname="Taylors-MacBook-Pro-1.local" ignored="0" name="Testing Home Page" tests="35" failures="7" timestamp="23 Oct 2018 05:56:33 GMT" time="7827.151" errors="0">
  <testcase name="@BeforeMethod openWebPage" time="23.878" classname="tests.ChooseNFLPlayersForLineupTests">
    <failure type="org.openqa.selenium.TimeoutException" message="Expected condition failed: waiting for url to contain &amp;quot;https://www.draftkings.com/&amp;quot;. Current url: &amp;quot;data:,&amp;quot; (tried for 20 second(s) with 500 milliseconds interval)
Build info: version: &amp;apos;3.13.0&amp;apos;, revision: &amp;apos;2f0d292&amp;apos;, time: &amp;apos;2018-06-25T15:24:21.231Z&amp;apos;
System info: host: &amp;apos;Taylors-MacBook-Pro-1.local&amp;apos;, ip: &amp;apos;192.168.1.148&amp;apos;, os.name: &amp;apos;Mac OS X&amp;apos;, os.arch: &amp;apos;x86_64&amp;apos;, os.version: &amp;apos;10.13.1&amp;apos;, java.version: &amp;apos;1.8.0_181&amp;apos;
Driver info: org.openqa.selenium.chrome.ChromeDriver
Capabilities {acceptInsecureCerts: false, acceptSslCerts: false, applicationCacheEnabled: false, browserConnectionEnabled: false, browserName: chrome, chrome: {chromedriverVersion: 2.40.565386 (45a059dc425e08..., userDataDir: /var/folders/p1/980gjk8n7bs...}, cssSelectorsEnabled: true, databaseEnabled: false, handlesAlerts: true, hasTouchScreen: false, javascriptEnabled: true, locationContextEnabled: true, mobileEmulationEnabled: false, nativeEvents: true, networkConnectionEnabled: false, pageLoadStrategy: normal, platform: MAC, platformName: MAC, rotatable: false, setWindowRect: true, takesHeapSnapshot: true, takesScreenshot: true, unexpectedAlertBehaviour: , unhandledPromptBehavior: , version: 69.0.3497.100, webStorageEnabled: true}
Session ID: a0dc58978ce5b37bc1806441ff21ca53">
      <![CDATA[org.openqa.selenium.TimeoutException: Expected condition failed: waiting for url to contain "https://www.draftkings.com/". Current url: "data:," (tried for 20 second(s) with 500 milliseconds interval)
Build info: version: '3.13.0', revision: '2f0d292', time: '2018-06-25T15:24:21.231Z'
System info: host: 'Taylors-MacBook-Pro-1.local', ip: '192.168.1.148', os.name: 'Mac OS X', os.arch: 'x86_64', os.version: '10.13.1', java.version: '1.8.0_181'
Driver info: org.openqa.selenium.chrome.ChromeDriver
Capabilities {acceptInsecureCerts: false, acceptSslCerts: false, applicationCacheEnabled: false, browserConnectionEnabled: false, browserName: chrome, chrome: {chromedriverVersion: 2.40.565386 (45a059dc425e08..., userDataDir: /var/folders/p1/980gjk8n7bs...}, cssSelectorsEnabled: true, databaseEnabled: false, handlesAlerts: true, hasTouchScreen: false, javascriptEnabled: true, locationContextEnabled: true, mobileEmulationEnabled: false, nativeEvents: true, networkConnectionEnabled: false, pageLoadStrategy: normal, platform: MAC, platformName: MAC, rotatable: false, setWindowRect: true, takesHeapSnapshot: true, takesScreenshot: true, unexpectedAlertBehaviour: , unhandledPromptBehavior: , version: 69.0.3497.100, webStorageEnabled: true}
Session ID: a0dc58978ce5b37bc1806441ff21ca53
	at org.openqa.selenium.support.ui.WebDriverWait.timeoutException(WebDriverWait.java:81)
	at org.openqa.selenium.support.ui.FluentWait.until(FluentWait.java:271)
	at resources.TestBase.initializeDriver(TestBase.java:67)
	at tests.ChooseNFLPlayersForLineupTests.openWebPage(ChooseNFLPlayersForLineupTests.java:29)
... Removed 31 stack frames]]>
    </failure>
  </testcase> <!-- @BeforeMethod openWebPage -->
  <testcase name="@BeforeMethod openWebPage" time="0.0" classname="tests.ChooseNFLPlayersForLineupTests">
    <skipped/>
  </testcase> <!-- @BeforeMethod openWebPage -->
  <testcase name="@BeforeMethod openWebPage" time="0.0" classname="tests.ChooseNFLPlayersForLineupTests">
    <skipped/>
  </testcase> <!-- @BeforeMethod openWebPage -->
  <testcase name="@BeforeMethod openWebPage" time="0.0" classname="tests.ChooseNFLPlayersForLineupTests">
    <skipped/>
  </testcase> <!-- @BeforeMethod openWebPage -->
  <testcase name="@BeforeMethod openWebPage" time="0.0" classname="tests.ChooseNFLPlayersForLineupTests">
    <skipped/>
  </testcase> <!-- @BeforeMethod openWebPage -->
  <testcase name="@BeforeMethod openWebPage" time="0.0" classname="tests.ChooseNFLPlayersForLineupTests">
    <skipped/>
  </testcase> <!-- @BeforeMethod openWebPage -->
  <testcase name="@BeforeMethod navigateToSignInPage" time="60.484" classname="tests.LoginPageTests">
    <failure type="org.openqa.selenium.WebDriverException" message="unknown error: unable to discover open pages
  (Driver info: chromedriver=2.40.565386 (45a059dc425e08165f9a10324bd1380cc13ca363),platform=Mac OS X 10.13.1 x86_64) (WARNING: The server did not provide any stacktrace information)
Command duration or timeout: 60.33 seconds
Build info: version: &amp;apos;3.13.0&amp;apos;, revision: &amp;apos;2f0d292&amp;apos;, time: &amp;apos;2018-06-25T15:24:21.231Z&amp;apos;
System info: host: &amp;apos;Taylors-MacBook-Pro-1.local&amp;apos;, ip: &amp;apos;192.168.1.148&amp;apos;, os.name: &amp;apos;Mac OS X&amp;apos;, os.arch: &amp;apos;x86_64&amp;apos;, os.version: &amp;apos;10.13.1&amp;apos;, java.version: &amp;apos;1.8.0_181&amp;apos;
Driver info: driver.version: ChromeDriver">
      <![CDATA[org.openqa.selenium.WebDriverException: unknown error: unable to discover open pages
  (Driver info: chromedriver=2.40.565386 (45a059dc425e08165f9a10324bd1380cc13ca363),platform=Mac OS X 10.13.1 x86_64) (WARNING: The server did not provide any stacktrace information)
Command duration or timeout: 60.33 seconds
Build info: version: '3.13.0', revision: '2f0d292', time: '2018-06-25T15:24:21.231Z'
System info: host: 'Taylors-MacBook-Pro-1.local', ip: '192.168.1.148', os.name: 'Mac OS X', os.arch: 'x86_64', os.version: '10.13.1', java.version: '1.8.0_181'
Driver info: driver.version: ChromeDriver
	at org.openqa.selenium.remote.ErrorHandler.createThrowable(ErrorHandler.java:214)
	at org.openqa.selenium.remote.ErrorHandler.throwIfResponseFailed(ErrorHandler.java:166)
	at org.openqa.selenium.remote.JsonWireProtocolResponse.lambda$new$0(JsonWireProtocolResponse.java:53)
	at org.openqa.selenium.remote.JsonWireProtocolResponse.lambda$getResponseFunction$2(JsonWireProtocolResponse.java:91)
	at org.openqa.selenium.remote.ProtocolHandshake.lambda$createSession$0(ProtocolHandshake.java:123)
	at java.util.stream.ReferencePipeline$3$1.accept(ReferencePipeline.java:193)
	at java.util.Spliterators$ArraySpliterator.tryAdvance(Spliterators.java:958)
	at java.util.stream.ReferencePipeline.forEachWithCancel(ReferencePipeline.java:126)
	at java.util.stream.AbstractPipeline.copyIntoWithCancel(AbstractPipeline.java:498)
	at java.util.stream.AbstractPipeline.copyInto(AbstractPipeline.java:485)
	at java.util.stream.AbstractPipeline.wrapAndCopyInto(AbstractPipeline.java:471)
	at java.util.stream.FindOps$FindOp.evaluateSequential(FindOps.java:152)
	at java.util.stream.AbstractPipeline.evaluate(AbstractPipeline.java:234)
	at java.util.stream.ReferencePipeline.findFirst(ReferencePipeline.java:464)
	at org.openqa.selenium.remote.ProtocolHandshake.createSession(ProtocolHandshake.java:126)
	at org.openqa.selenium.remote.ProtocolHandshake.createSession(ProtocolHandshake.java:73)
	at org.openqa.selenium.remote.HttpCommandExecutor.execute(HttpCommandExecutor.java:136)
	at org.openqa.selenium.remote.service.DriverCommandExecutor.execute(DriverCommandExecutor.java:83)
	at org.openqa.selenium.remote.RemoteWebDriver.execute(RemoteWebDriver.java:548)
	at org.openqa.selenium.remote.RemoteWebDriver.startSession(RemoteWebDriver.java:212)
	at org.openqa.selenium.remote.RemoteWebDriver.<init>(RemoteWebDriver.java:130)
	at org.openqa.selenium.chrome.ChromeDriver.<init>(ChromeDriver.java:181)
	at org.openqa.selenium.chrome.ChromeDriver.<init>(ChromeDriver.java:168)
	at org.openqa.selenium.chrome.ChromeDriver.<init>(ChromeDriver.java:123)
	at resources.TestBase.initializeDriver(TestBase.java:48)
	at tests.LoginPageTests.navigateToSignInPage(LoginPageTests.java:28)
... Removed 35 stack frames]]>
    </failure>
  </testcase> <!-- @BeforeMethod navigateToSignInPage -->
  <testcase name="@BeforeMethod navigateToSignInPage" time="0.0" classname="tests.LoginPageTests">
    <skipped/>
  </testcase> <!-- @BeforeMethod navigateToSignInPage -->
  <testcase name="@BeforeMethod navigateToSignInPage" time="0.0" classname="tests.LoginPageTests">
    <skipped/>
  </testcase> <!-- @BeforeMethod navigateToSignInPage -->
  <testcase name="@AfterMethod closeBrowser" time="0.0" classname="tests.NFLLobbyTests">
    <failure type="java.lang.NullPointerException">
      <![CDATA[java.lang.NullPointerException
	at tests.NFLLobbyTests.closeBrowser(NFLLobbyTests.java:48)
... Removed 31 stack frames]]>
    </failure>
  </testcase> <!-- @AfterMethod closeBrowser -->
  <testcase name="@AfterMethod closeBrowser" time="0.0" classname="tests.CreateNewLineupQuestionsTests">
    <failure type="java.lang.NullPointerException">
      <![CDATA[java.lang.NullPointerException
	at tests.CreateNewLineupQuestionsTests.closeBrowser(CreateNewLineupQuestionsTests.java:51)
... Removed 31 stack frames]]>
    </failure>
  </testcase> <!-- @AfterMethod closeBrowser -->
  <testcase name="verifyAllLinksAppearInDropDown" time="5.684" classname="tests.AccountDropDownAfterLogInTests"/>
  <testcase name="verifySignOut" time="1.447" classname="tests.AccountDropDownAfterLogInTests"/>
  <testcase name="verifyDraftedRBsAppearInLineup" time="54.308" classname="tests.ChooseNFLPlayersForLineupTests">
    <failure type="org.openqa.selenium.NoSuchElementException" message="no such element: Unable to locate element: {&amp;quot;method&amp;quot;:&amp;quot;xpath&amp;quot;,&amp;quot;selector&amp;quot;:&amp;quot;//*[@id=&amp;apos;dkjs-draft&amp;apos;]/div/div/div/div[2]/div/div/div[3]/div[1]/div/div[3]/div[1]/div/div[2]/div/div/div[2]/div/span/span&amp;quot;}
  (Session info: chrome=69.0.3497.100)
  (Driver info: chromedriver=2.40.565386 (45a059dc425e08165f9a10324bd1380cc13ca363),platform=Mac OS X 10.13.1 x86_64) (WARNING: The server did not provide any stacktrace information)
Command duration or timeout: 0 milliseconds
For documentation on this error, please visit: http://seleniumhq.org/exceptions/no_such_element.html
Build info: version: &amp;apos;3.13.0&amp;apos;, revision: &amp;apos;2f0d292&amp;apos;, time: &amp;apos;2018-06-25T15:24:21.231Z&amp;apos;
System info: host: &amp;apos;Taylors-MacBook-Pro-1.local&amp;apos;, ip: &amp;apos;192.168.1.148&amp;apos;, os.name: &amp;apos;Mac OS X&amp;apos;, os.arch: &amp;apos;x86_64&amp;apos;, os.version: &amp;apos;10.13.1&amp;apos;, java.version: &amp;apos;1.8.0_181&amp;apos;
Driver info: org.openqa.selenium.chrome.ChromeDriver
Capabilities {acceptInsecureCerts: false, acceptSslCerts: false, applicationCacheEnabled: false, browserConnectionEnabled: false, browserName: chrome, chrome: {chromedriverVersion: 2.40.565386 (45a059dc425e08..., userDataDir: /var/folders/p1/980gjk8n7bs...}, cssSelectorsEnabled: true, databaseEnabled: false, handlesAlerts: true, hasTouchScreen: false, javascriptEnabled: true, locationContextEnabled: true, mobileEmulationEnabled: false, nativeEvents: true, networkConnectionEnabled: false, pageLoadStrategy: normal, platform: MAC, platformName: MAC, rotatable: false, setWindowRect: true, takesHeapSnapshot: true, takesScreenshot: true, unexpectedAlertBehaviour: , unhandledPromptBehavior: , version: 69.0.3497.100, webStorageEnabled: true}
Session ID: 646d9d6d9278034c30075109c65105e4
*** Element info: {Using=xpath, value=//*[@id=&amp;apos;dkjs-draft&amp;apos;]/div/div/div/div[2]/div/div/div[3]/div[1]/div/div[3]/div[1]/div/div[2]/div/div/div[2]/div/span/span}">
      <![CDATA[org.openqa.selenium.NoSuchElementException: no such element: Unable to locate element: {"method":"xpath","selector":"//*[@id='dkjs-draft']/div/div/div/div[2]/div/div/div[3]/div[1]/div/div[3]/div[1]/div/div[2]/div/div/div[2]/div/span/span"}
  (Session info: chrome=69.0.3497.100)
  (Driver info: chromedriver=2.40.565386 (45a059dc425e08165f9a10324bd1380cc13ca363),platform=Mac OS X 10.13.1 x86_64) (WARNING: The server did not provide any stacktrace information)
Command duration or timeout: 0 milliseconds
For documentation on this error, please visit: http://seleniumhq.org/exceptions/no_such_element.html
Build info: version: '3.13.0', revision: '2f0d292', time: '2018-06-25T15:24:21.231Z'
System info: host: 'Taylors-MacBook-Pro-1.local', ip: '192.168.1.148', os.name: 'Mac OS X', os.arch: 'x86_64', os.version: '10.13.1', java.version: '1.8.0_181'
Driver info: org.openqa.selenium.chrome.ChromeDriver
Capabilities {acceptInsecureCerts: false, acceptSslCerts: false, applicationCacheEnabled: false, browserConnectionEnabled: false, browserName: chrome, chrome: {chromedriverVersion: 2.40.565386 (45a059dc425e08..., userDataDir: /var/folders/p1/980gjk8n7bs...}, cssSelectorsEnabled: true, databaseEnabled: false, handlesAlerts: true, hasTouchScreen: false, javascriptEnabled: true, locationContextEnabled: true, mobileEmulationEnabled: false, nativeEvents: true, networkConnectionEnabled: false, pageLoadStrategy: normal, platform: MAC, platformName: MAC, rotatable: false, setWindowRect: true, takesHeapSnapshot: true, takesScreenshot: true, unexpectedAlertBehaviour: , unhandledPromptBehavior: , version: 69.0.3497.100, webStorageEnabled: true}
Session ID: 646d9d6d9278034c30075109c65105e4
*** Element info: {Using=xpath, value=//*[@id='dkjs-draft']/div/div/div/div[2]/div/div/div[3]/div[1]/div/div[3]/div[1]/div/div[2]/div/div/div[2]/div/span/span}
	at org.openqa.selenium.remote.ErrorHandler.createThrowable(ErrorHandler.java:214)
	at org.openqa.selenium.remote.ErrorHandler.throwIfResponseFailed(ErrorHandler.java:166)
	at org.openqa.selenium.remote.http.JsonHttpResponseCodec.reconstructValue(JsonHttpResponseCodec.java:40)
	at org.openqa.selenium.remote.http.AbstractHttpResponseCodec.decode(AbstractHttpResponseCodec.java:80)
	at org.openqa.selenium.remote.http.AbstractHttpResponseCodec.decode(AbstractHttpResponseCodec.java:44)
	at org.openqa.selenium.remote.HttpCommandExecutor.execute(HttpCommandExecutor.java:158)
	at org.openqa.selenium.remote.service.DriverCommandExecutor.execute(DriverCommandExecutor.java:83)
	at org.openqa.selenium.remote.RemoteWebDriver.execute(RemoteWebDriver.java:548)
	at org.openqa.selenium.remote.RemoteWebDriver.findElement(RemoteWebDriver.java:322)
	at org.openqa.selenium.remote.RemoteWebDriver.findElementByXPath(RemoteWebDriver.java:424)
	at org.openqa.selenium.By$ByXPath.findElement(By.java:353)
	at org.openqa.selenium.remote.RemoteWebDriver.findElement(RemoteWebDriver.java:314)
	at pageObjects.ChooseNFLPlayersForLineupPage.getPlayerNameInContainer(ChooseNFLPlayersForLineupPage.java:55)
	at tests.ChooseNFLPlayersForLineupTests.verifyDraftedPlayerAppearsInLineup(ChooseNFLPlayersForLineupTests.java:286)
	at tests.ChooseNFLPlayersForLineupTests.verifyDraftedRBsAppearInLineup(ChooseNFLPlayersForLineupTests.java:178)
... Removed 33 stack frames]]>
    </failure>
  </testcase> <!-- verifyDraftedRBsAppearInLineup -->
  <testcase name="verifyDraftedTEsAppearInLineup" time="31.032" classname="tests.ChooseNFLPlayersForLineupTests">
    <failure type="org.openqa.selenium.NoSuchElementException" message="no such element: Unable to locate element: {&amp;quot;method&amp;quot;:&amp;quot;xpath&amp;quot;,&amp;quot;selector&amp;quot;:&amp;quot;//*[@id=&amp;apos;dkjs-draft&amp;apos;]/div/div/div/div[2]/div/div/div[3]/div[1]/div/div[3]/div[1]/div/div[2]/div/div/div[2]/div/span/span&amp;quot;}
  (Session info: chrome=69.0.3497.100)
  (Driver info: chromedriver=2.40.565386 (45a059dc425e08165f9a10324bd1380cc13ca363),platform=Mac OS X 10.13.1 x86_64) (WARNING: The server did not provide any stacktrace information)
Command duration or timeout: 0 milliseconds
For documentation on this error, please visit: http://seleniumhq.org/exceptions/no_such_element.html
Build info: version: &amp;apos;3.13.0&amp;apos;, revision: &amp;apos;2f0d292&amp;apos;, time: &amp;apos;2018-06-25T15:24:21.231Z&amp;apos;
System info: host: &amp;apos;Taylors-MacBook-Pro-1.local&amp;apos;, ip: &amp;apos;192.168.1.148&amp;apos;, os.name: &amp;apos;Mac OS X&amp;apos;, os.arch: &amp;apos;x86_64&amp;apos;, os.version: &amp;apos;10.13.1&amp;apos;, java.version: &amp;apos;1.8.0_181&amp;apos;
Driver info: org.openqa.selenium.chrome.ChromeDriver
Capabilities {acceptInsecureCerts: false, acceptSslCerts: false, applicationCacheEnabled: false, browserConnectionEnabled: false, browserName: chrome, chrome: {chromedriverVersion: 2.40.565386 (45a059dc425e08..., userDataDir: /var/folders/p1/980gjk8n7bs...}, cssSelectorsEnabled: true, databaseEnabled: false, handlesAlerts: true, hasTouchScreen: false, javascriptEnabled: true, locationContextEnabled: true, mobileEmulationEnabled: false, nativeEvents: true, networkConnectionEnabled: false, pageLoadStrategy: normal, platform: MAC, platformName: MAC, rotatable: false, setWindowRect: true, takesHeapSnapshot: true, takesScreenshot: true, unexpectedAlertBehaviour: , unhandledPromptBehavior: , version: 69.0.3497.100, webStorageEnabled: true}
Session ID: b509d9426907c8e20960dd24d7299c1f
*** Element info: {Using=xpath, value=//*[@id=&amp;apos;dkjs-draft&amp;apos;]/div/div/div/div[2]/div/div/div[3]/div[1]/div/div[3]/div[1]/div/div[2]/div/div/div[2]/div/span/span}">
      <![CDATA[org.openqa.selenium.NoSuchElementException: no such element: Unable to locate element: {"method":"xpath","selector":"//*[@id='dkjs-draft']/div/div/div/div[2]/div/div/div[3]/div[1]/div/div[3]/div[1]/div/div[2]/div/div/div[2]/div/span/span"}
  (Session info: chrome=69.0.3497.100)
  (Driver info: chromedriver=2.40.565386 (45a059dc425e08165f9a10324bd1380cc13ca363),platform=Mac OS X 10.13.1 x86_64) (WARNING: The server did not provide any stacktrace information)
Command duration or timeout: 0 milliseconds
For documentation on this error, please visit: http://seleniumhq.org/exceptions/no_such_element.html
Build info: version: '3.13.0', revision: '2f0d292', time: '2018-06-25T15:24:21.231Z'
System info: host: 'Taylors-MacBook-Pro-1.local', ip: '192.168.1.148', os.name: 'Mac OS X', os.arch: 'x86_64', os.version: '10.13.1', java.version: '1.8.0_181'
Driver info: org.openqa.selenium.chrome.ChromeDriver
Capabilities {acceptInsecureCerts: false, acceptSslCerts: false, applicationCacheEnabled: false, browserConnectionEnabled: false, browserName: chrome, chrome: {chromedriverVersion: 2.40.565386 (45a059dc425e08..., userDataDir: /var/folders/p1/980gjk8n7bs...}, cssSelectorsEnabled: true, databaseEnabled: false, handlesAlerts: true, hasTouchScreen: false, javascriptEnabled: true, locationContextEnabled: true, mobileEmulationEnabled: false, nativeEvents: true, networkConnectionEnabled: false, pageLoadStrategy: normal, platform: MAC, platformName: MAC, rotatable: false, setWindowRect: true, takesHeapSnapshot: true, takesScreenshot: true, unexpectedAlertBehaviour: , unhandledPromptBehavior: , version: 69.0.3497.100, webStorageEnabled: true}
Session ID: b509d9426907c8e20960dd24d7299c1f
*** Element info: {Using=xpath, value=//*[@id='dkjs-draft']/div/div/div/div[2]/div/div/div[3]/div[1]/div/div[3]/div[1]/div/div[2]/div/div/div[2]/div/span/span}
	at org.openqa.selenium.remote.ErrorHandler.createThrowable(ErrorHandler.java:214)
	at org.openqa.selenium.remote.ErrorHandler.throwIfResponseFailed(ErrorHandler.java:166)
	at org.openqa.selenium.remote.http.JsonHttpResponseCodec.reconstructValue(JsonHttpResponseCodec.java:40)
	at org.openqa.selenium.remote.http.AbstractHttpResponseCodec.decode(AbstractHttpResponseCodec.java:80)
	at org.openqa.selenium.remote.http.AbstractHttpResponseCodec.decode(AbstractHttpResponseCodec.java:44)
	at org.openqa.selenium.remote.HttpCommandExecutor.execute(HttpCommandExecutor.java:158)
	at org.openqa.selenium.remote.service.DriverCommandExecutor.execute(DriverCommandExecutor.java:83)
	at org.openqa.selenium.remote.RemoteWebDriver.execute(RemoteWebDriver.java:548)
	at org.openqa.selenium.remote.RemoteWebDriver.findElement(RemoteWebDriver.java:322)
	at org.openqa.selenium.remote.RemoteWebDriver.findElementByXPath(RemoteWebDriver.java:424)
	at org.openqa.selenium.By$ByXPath.findElement(By.java:353)
	at org.openqa.selenium.remote.RemoteWebDriver.findElement(RemoteWebDriver.java:314)
	at pageObjects.ChooseNFLPlayersForLineupPage.getPlayerNameInContainer(ChooseNFLPlayersForLineupPage.java:55)
	at tests.ChooseNFLPlayersForLineupTests.verifyDraftedPlayerAppearsInLineup(ChooseNFLPlayersForLineupTests.java:286)
	at tests.ChooseNFLPlayersForLineupTests.verifyDraftedTEsAppearInLineup(ChooseNFLPlayersForLineupTests.java:212)
... Removed 33 stack frames]]>
    </failure>
  </testcase> <!-- verifyDraftedTEsAppearInLineup -->
  <testcase name="verifyDraftedWRsAppearInLineup" time="31.598" classname="tests.ChooseNFLPlayersForLineupTests">
    <failure type="org.openqa.selenium.NoSuchElementException" message="no such element: Unable to locate element: {&amp;quot;method&amp;quot;:&amp;quot;xpath&amp;quot;,&amp;quot;selector&amp;quot;:&amp;quot;//*[@id=&amp;apos;dkjs-draft&amp;apos;]/div/div/div/div[2]/div/div/div[3]/div[1]/div/div[3]/div[1]/div/div[2]/div/div/div[2]/div/span/span&amp;quot;}
  (Session info: chrome=69.0.3497.100)
  (Driver info: chromedriver=2.40.565386 (45a059dc425e08165f9a10324bd1380cc13ca363),platform=Mac OS X 10.13.1 x86_64) (WARNING: The server did not provide any stacktrace information)
Command duration or timeout: 0 milliseconds
For documentation on this error, please visit: http://seleniumhq.org/exceptions/no_such_element.html
Build info: version: &amp;apos;3.13.0&amp;apos;, revision: &amp;apos;2f0d292&amp;apos;, time: &amp;apos;2018-06-25T15:24:21.231Z&amp;apos;
System info: host: &amp;apos;Taylors-MacBook-Pro-1.local&amp;apos;, ip: &amp;apos;192.168.1.148&amp;apos;, os.name: &amp;apos;Mac OS X&amp;apos;, os.arch: &amp;apos;x86_64&amp;apos;, os.version: &amp;apos;10.13.1&amp;apos;, java.version: &amp;apos;1.8.0_181&amp;apos;
Driver info: org.openqa.selenium.chrome.ChromeDriver
Capabilities {acceptInsecureCerts: false, acceptSslCerts: false, applicationCacheEnabled: false, browserConnectionEnabled: false, browserName: chrome, chrome: {chromedriverVersion: 2.40.565386 (45a059dc425e08..., userDataDir: /var/folders/p1/980gjk8n7bs...}, cssSelectorsEnabled: true, databaseEnabled: false, handlesAlerts: true, hasTouchScreen: false, javascriptEnabled: true, locationContextEnabled: true, mobileEmulationEnabled: false, nativeEvents: true, networkConnectionEnabled: false, pageLoadStrategy: normal, platform: MAC, platformName: MAC, rotatable: false, setWindowRect: true, takesHeapSnapshot: true, takesScreenshot: true, unexpectedAlertBehaviour: , unhandledPromptBehavior: , version: 69.0.3497.100, webStorageEnabled: true}
Session ID: 30f663f7f051c35896afad53473b3177
*** Element info: {Using=xpath, value=//*[@id=&amp;apos;dkjs-draft&amp;apos;]/div/div/div/div[2]/div/div/div[3]/div[1]/div/div[3]/div[1]/div/div[2]/div/div/div[2]/div/span/span}">
      <![CDATA[org.openqa.selenium.NoSuchElementException: no such element: Unable to locate element: {"method":"xpath","selector":"//*[@id='dkjs-draft']/div/div/div/div[2]/div/div/div[3]/div[1]/div/div[3]/div[1]/div/div[2]/div/div/div[2]/div/span/span"}
  (Session info: chrome=69.0.3497.100)
  (Driver info: chromedriver=2.40.565386 (45a059dc425e08165f9a10324bd1380cc13ca363),platform=Mac OS X 10.13.1 x86_64) (WARNING: The server did not provide any stacktrace information)
Command duration or timeout: 0 milliseconds
For documentation on this error, please visit: http://seleniumhq.org/exceptions/no_such_element.html
Build info: version: '3.13.0', revision: '2f0d292', time: '2018-06-25T15:24:21.231Z'
System info: host: 'Taylors-MacBook-Pro-1.local', ip: '192.168.1.148', os.name: 'Mac OS X', os.arch: 'x86_64', os.version: '10.13.1', java.version: '1.8.0_181'
Driver info: org.openqa.selenium.chrome.ChromeDriver
Capabilities {acceptInsecureCerts: false, acceptSslCerts: false, applicationCacheEnabled: false, browserConnectionEnabled: false, browserName: chrome, chrome: {chromedriverVersion: 2.40.565386 (45a059dc425e08..., userDataDir: /var/folders/p1/980gjk8n7bs...}, cssSelectorsEnabled: true, databaseEnabled: false, handlesAlerts: true, hasTouchScreen: false, javascriptEnabled: true, locationContextEnabled: true, mobileEmulationEnabled: false, nativeEvents: true, networkConnectionEnabled: false, pageLoadStrategy: normal, platform: MAC, platformName: MAC, rotatable: false, setWindowRect: true, takesHeapSnapshot: true, takesScreenshot: true, unexpectedAlertBehaviour: , unhandledPromptBehavior: , version: 69.0.3497.100, webStorageEnabled: true}
Session ID: 30f663f7f051c35896afad53473b3177
*** Element info: {Using=xpath, value=//*[@id='dkjs-draft']/div/div/div/div[2]/div/div/div[3]/div[1]/div/div[3]/div[1]/div/div[2]/div/div/div[2]/div/span/span}
	at org.openqa.selenium.remote.ErrorHandler.createThrowable(ErrorHandler.java:214)
	at org.openqa.selenium.remote.ErrorHandler.throwIfResponseFailed(ErrorHandler.java:166)
	at org.openqa.selenium.remote.http.JsonHttpResponseCodec.reconstructValue(JsonHttpResponseCodec.java:40)
	at org.openqa.selenium.remote.http.AbstractHttpResponseCodec.decode(AbstractHttpResponseCodec.java:80)
	at org.openqa.selenium.remote.http.AbstractHttpResponseCodec.decode(AbstractHttpResponseCodec.java:44)
	at org.openqa.selenium.remote.HttpCommandExecutor.execute(HttpCommandExecutor.java:158)
	at org.openqa.selenium.remote.service.DriverCommandExecutor.execute(DriverCommandExecutor.java:83)
	at org.openqa.selenium.remote.RemoteWebDriver.execute(RemoteWebDriver.java:548)
	at org.openqa.selenium.remote.RemoteWebDriver.findElement(RemoteWebDriver.java:322)
	at org.openqa.selenium.remote.RemoteWebDriver.findElementByXPath(RemoteWebDriver.java:424)
	at org.openqa.selenium.By$ByXPath.findElement(By.java:353)
	at org.openqa.selenium.remote.RemoteWebDriver.findElement(RemoteWebDriver.java:314)
	at pageObjects.ChooseNFLPlayersForLineupPage.getPlayerNameInContainer(ChooseNFLPlayersForLineupPage.java:55)
	at tests.ChooseNFLPlayersForLineupTests.verifyDraftedPlayerAppearsInLineup(ChooseNFLPlayersForLineupTests.java:286)
	at tests.ChooseNFLPlayersForLineupTests.verifyDraftedWRsAppearInLineup(ChooseNFLPlayersForLineupTests.java:195)
... Removed 33 stack frames]]>
    </failure>
  </testcase> <!-- verifyDraftedWRsAppearInLineup -->
  <testcase name="verifyNavtigateToDraftPlayersPage" time="0.0" classname="tests.ChooseNFLPlayersForLineupTests">
    <skipped/>
  </testcase> <!-- verifyNavtigateToDraftPlayersPage -->
  <testcase name="verifySearchedDSTsCorrectlyAppearInPlayerPickerContainer" time="0.0" classname="tests.ChooseNFLPlayersForLineupTests">
    <skipped/>
  </testcase> <!-- verifySearchedDSTsCorrectlyAppearInPlayerPickerContainer -->
  <testcase name="verifySearchedQBsCorrectlyAppearInPlayerPickerContainer" time="0.0" classname="tests.ChooseNFLPlayersForLineupTests">
    <skipped/>
  </testcase> <!-- verifySearchedQBsCorrectlyAppearInPlayerPickerContainer -->
  <testcase name="verifySearchedRBsCorrectlyAppearInPlayerPickerContainer" time="0.0" classname="tests.ChooseNFLPlayersForLineupTests">
    <skipped/>
  </testcase> <!-- verifySearchedRBsCorrectlyAppearInPlayerPickerContainer -->
  <testcase name="verifySearchedTEsCorrectlyAppearInPlayerPickerContainer" time="0.0" classname="tests.ChooseNFLPlayersForLineupTests">
    <skipped/>
  </testcase> <!-- verifySearchedTEsCorrectlyAppearInPlayerPickerContainer -->
  <testcase name="verifySearchedWRsCorrectlyAppearInPlayerPickerContainer" time="0.0" classname="tests.ChooseNFLPlayersForLineupTests">
    <skipped/>
  </testcase> <!-- verifySearchedWRsCorrectlyAppearInPlayerPickerContainer -->
  <testcase name="verifyCancelButtonisDisplayed" time="20.01" classname="tests.CreateNewLineupQuestionsTests">
    <failure type="org.openqa.selenium.WebDriverException" message="Timed out waiting for driver server to start.
Build info: version: &amp;apos;3.13.0&amp;apos;, revision: &amp;apos;2f0d292&amp;apos;, time: &amp;apos;2018-06-25T15:24:21.231Z&amp;apos;
System info: host: &amp;apos;Taylors-MacBook-Pro-1.local&amp;apos;, ip: &amp;apos;192.168.1.148&amp;apos;, os.name: &amp;apos;Mac OS X&amp;apos;, os.arch: &amp;apos;x86_64&amp;apos;, os.version: &amp;apos;10.13.1&amp;apos;, java.version: &amp;apos;1.8.0_181&amp;apos;
Driver info: driver.version: ChromeDriver">
      <![CDATA[org.openqa.selenium.WebDriverException: Timed out waiting for driver server to start.
Build info: version: '3.13.0', revision: '2f0d292', time: '2018-06-25T15:24:21.231Z'
System info: host: 'Taylors-MacBook-Pro-1.local', ip: '192.168.1.148', os.name: 'Mac OS X', os.arch: 'x86_64', os.version: '10.13.1', java.version: '1.8.0_181'
Driver info: driver.version: ChromeDriver
	at org.openqa.selenium.remote.service.DriverService.waitUntilAvailable(DriverService.java:193)
	at org.openqa.selenium.remote.service.DriverService.start(DriverService.java:179)
	at org.openqa.selenium.remote.service.DriverCommandExecutor.execute(DriverCommandExecutor.java:79)
	at org.openqa.selenium.remote.RemoteWebDriver.execute(RemoteWebDriver.java:548)
	at org.openqa.selenium.remote.RemoteWebDriver.startSession(RemoteWebDriver.java:212)
	at org.openqa.selenium.remote.RemoteWebDriver.<init>(RemoteWebDriver.java:130)
	at org.openqa.selenium.chrome.ChromeDriver.<init>(ChromeDriver.java:181)
	at org.openqa.selenium.chrome.ChromeDriver.<init>(ChromeDriver.java:168)
	at org.openqa.selenium.chrome.ChromeDriver.<init>(ChromeDriver.java:123)
	at resources.TestBase.initializeDriver(TestBase.java:48)
	at tests.CreateNewLineupQuestionsTests.navigateToCreateNewLineupQuestionsPage(CreateNewLineupQuestionsTests.java:28)
	at tests.CreateNewLineupQuestionsTests.verifyCancelButtonisDisplayed(CreateNewLineupQuestionsTests.java:200)
Caused by: org.openqa.selenium.net.UrlChecker$TimeoutException: Timed out waiting for [http://localhost:18740/status] to be available after 20007 ms
	at org.openqa.selenium.net.UrlChecker.waitUntilAvailable(UrlChecker.java:100)
	at org.openqa.selenium.remote.service.DriverService.waitUntilAvailable(DriverService.java:188)
	... 40 more
Caused by: java.util.concurrent.TimeoutException
	at java.util.concurrent.FutureTask.get(FutureTask.java:205)
	at com.google.common.util.concurrent.SimpleTimeLimiter.callWithTimeout(SimpleTimeLimiter.java:156)
	at org.openqa.selenium.net.UrlChecker.waitUntilAvailable(UrlChecker.java:75)
	... 41 more
... Removed 29 stack frames]]>
    </failure>
  </testcase> <!-- verifyCancelButtonisDisplayed -->
  <testcase name="verifyAllSportsDisplayedInContainerTest" time="0.538" classname="tests.HomePageTests"/>
  <testcase name="verifyEnterPromoCodeLink" time="0.031" classname="tests.HomePageTests"/>
  <testcase name="verifyEnterPromoCodeLinkText" time="0.035" classname="tests.HomePageTests"/>
  <testcase name="verifyFAQText" time="0.032" classname="tests.HomePageTests"/>
  <testcase name="verifyFooterCompanyDirectoryLinks" time="61.066" classname="tests.HomePageTests">
    <failure type="java.lang.AssertionError" message="expected [3] but found [12]">
      <![CDATA[java.lang.AssertionError: expected [3] but found [12]
	at tests.HomePageTests.verifyFooterCompanyDirectoryLinks(HomePageTests.java:152)
... Removed 35 stack frames]]>
    </failure>
  </testcase> <!-- verifyFooterCompanyDirectoryLinks -->
  <testcase name="verifyNavHeaderIsDisplayed" time="0.03" classname="tests.HomePageTests"/>
  <testcase name="verifySignInText" time="0.033" classname="tests.HomePageTests"/>
  <testcase name="verifyInvalidLoginAttempts" time="0.0" classname="tests.LoginPageTests">
    <skipped/>
  </testcase> <!-- verifyInvalidLoginAttempts -->
  <testcase name="verifyInvalidLoginAttempts" time="0.0" classname="tests.LoginPageTests">
    <skipped/>
  </testcase> <!-- verifyInvalidLoginAttempts -->
  <testcase name="verifyInvalidLoginAttempts" time="0.0" classname="tests.LoginPageTests">
    <skipped/>
  </testcase> <!-- verifyInvalidLoginAttempts -->
  <testcase name="verifyAllEntryFeeLowPricesCanBeSelectedFromDropDown" time="60.531" classname="tests.NFLLobbyTests">
    <failure type="org.openqa.selenium.WebDriverException" message="unknown error: unable to discover open pages
  (Driver info: chromedriver=2.40.565386 (45a059dc425e08165f9a10324bd1380cc13ca363),platform=Mac OS X 10.13.1 x86_64) (WARNING: The server did not provide any stacktrace information)
Command duration or timeout: 60.37 seconds
Build info: version: &amp;apos;3.13.0&amp;apos;, revision: &amp;apos;2f0d292&amp;apos;, time: &amp;apos;2018-06-25T15:24:21.231Z&amp;apos;
System info: host: &amp;apos;Taylors-MacBook-Pro-1.local&amp;apos;, ip: &amp;apos;192.168.1.148&amp;apos;, os.name: &amp;apos;Mac OS X&amp;apos;, os.arch: &amp;apos;x86_64&amp;apos;, os.version: &amp;apos;10.13.1&amp;apos;, java.version: &amp;apos;1.8.0_181&amp;apos;
Driver info: driver.version: ChromeDriver">
      <![CDATA[org.openqa.selenium.WebDriverException: unknown error: unable to discover open pages
  (Driver info: chromedriver=2.40.565386 (45a059dc425e08165f9a10324bd1380cc13ca363),platform=Mac OS X 10.13.1 x86_64) (WARNING: The server did not provide any stacktrace information)
Command duration or timeout: 60.37 seconds
Build info: version: '3.13.0', revision: '2f0d292', time: '2018-06-25T15:24:21.231Z'
System info: host: 'Taylors-MacBook-Pro-1.local', ip: '192.168.1.148', os.name: 'Mac OS X', os.arch: 'x86_64', os.version: '10.13.1', java.version: '1.8.0_181'
Driver info: driver.version: ChromeDriver
	at org.openqa.selenium.remote.ErrorHandler.createThrowable(ErrorHandler.java:214)
	at org.openqa.selenium.remote.ErrorHandler.throwIfResponseFailed(ErrorHandler.java:166)
	at org.openqa.selenium.remote.JsonWireProtocolResponse.lambda$new$0(JsonWireProtocolResponse.java:53)
	at org.openqa.selenium.remote.JsonWireProtocolResponse.lambda$getResponseFunction$2(JsonWireProtocolResponse.java:91)
	at org.openqa.selenium.remote.ProtocolHandshake.lambda$createSession$0(ProtocolHandshake.java:123)
	at java.util.stream.ReferencePipeline$3$1.accept(ReferencePipeline.java:193)
	at java.util.Spliterators$ArraySpliterator.tryAdvance(Spliterators.java:958)
	at java.util.stream.ReferencePipeline.forEachWithCancel(ReferencePipeline.java:126)
	at java.util.stream.AbstractPipeline.copyIntoWithCancel(AbstractPipeline.java:498)
	at java.util.stream.AbstractPipeline.copyInto(AbstractPipeline.java:485)
	at java.util.stream.AbstractPipeline.wrapAndCopyInto(AbstractPipeline.java:471)
	at java.util.stream.FindOps$FindOp.evaluateSequential(FindOps.java:152)
	at java.util.stream.AbstractPipeline.evaluate(AbstractPipeline.java:234)
	at java.util.stream.ReferencePipeline.findFirst(ReferencePipeline.java:464)
	at org.openqa.selenium.remote.ProtocolHandshake.createSession(ProtocolHandshake.java:126)
	at org.openqa.selenium.remote.ProtocolHandshake.createSession(ProtocolHandshake.java:73)
	at org.openqa.selenium.remote.HttpCommandExecutor.execute(HttpCommandExecutor.java:136)
	at org.openqa.selenium.remote.service.DriverCommandExecutor.execute(DriverCommandExecutor.java:83)
	at org.openqa.selenium.remote.RemoteWebDriver.execute(RemoteWebDriver.java:548)
	at org.openqa.selenium.remote.RemoteWebDriver.startSession(RemoteWebDriver.java:212)
	at org.openqa.selenium.remote.RemoteWebDriver.<init>(RemoteWebDriver.java:130)
	at org.openqa.selenium.chrome.ChromeDriver.<init>(ChromeDriver.java:181)
	at org.openqa.selenium.chrome.ChromeDriver.<init>(ChromeDriver.java:168)
	at org.openqa.selenium.chrome.ChromeDriver.<init>(ChromeDriver.java:123)
	at resources.TestBase.initializeDriver(TestBase.java:48)
	at tests.NFLLobbyTests.navigateToNFLLobbyPage(NFLLobbyTests.java:24)
	at tests.NFLLobbyTests.verifyAllEntryFeeLowPricesCanBeSelectedFromDropDown(NFLLobbyTests.java:62)
... Removed 33 stack frames]]>
    </failure>
  </testcase> <!-- verifyAllEntryFeeLowPricesCanBeSelectedFromDropDown -->
  <testcase name="verifyGameStyleSelectionRadioButtons" time="0.0" classname="tests.NFLLobbyTests">
    <skipped/>
  </testcase> <!-- verifyGameStyleSelectionRadioButtons -->
  <testcase name="verifyNavtigateToCreateLineupPage" time="60.461" classname="tests.CreateNewLineupQuestionsTests">
    <failure type="org.openqa.selenium.WebDriverException" message="unknown error: unable to discover open pages
  (Driver info: chromedriver=2.40.565386 (45a059dc425e08165f9a10324bd1380cc13ca363),platform=Mac OS X 10.13.1 x86_64) (WARNING: The server did not provide any stacktrace information)
Command duration or timeout: 60.35 seconds
Build info: version: &amp;apos;3.13.0&amp;apos;, revision: &amp;apos;2f0d292&amp;apos;, time: &amp;apos;2018-06-25T15:24:21.231Z&amp;apos;
System info: host: &amp;apos;Taylors-MacBook-Pro-1.local&amp;apos;, ip: &amp;apos;192.168.1.148&amp;apos;, os.name: &amp;apos;Mac OS X&amp;apos;, os.arch: &amp;apos;x86_64&amp;apos;, os.version: &amp;apos;10.13.1&amp;apos;, java.version: &amp;apos;1.8.0_181&amp;apos;
Driver info: driver.version: ChromeDriver">
      <![CDATA[org.openqa.selenium.WebDriverException: unknown error: unable to discover open pages
  (Driver info: chromedriver=2.40.565386 (45a059dc425e08165f9a10324bd1380cc13ca363),platform=Mac OS X 10.13.1 x86_64) (WARNING: The server did not provide any stacktrace information)
Command duration or timeout: 60.35 seconds
Build info: version: '3.13.0', revision: '2f0d292', time: '2018-06-25T15:24:21.231Z'
System info: host: 'Taylors-MacBook-Pro-1.local', ip: '192.168.1.148', os.name: 'Mac OS X', os.arch: 'x86_64', os.version: '10.13.1', java.version: '1.8.0_181'
Driver info: driver.version: ChromeDriver
	at org.openqa.selenium.remote.ErrorHandler.createThrowable(ErrorHandler.java:214)
	at org.openqa.selenium.remote.ErrorHandler.throwIfResponseFailed(ErrorHandler.java:166)
	at org.openqa.selenium.remote.JsonWireProtocolResponse.lambda$new$0(JsonWireProtocolResponse.java:53)
	at org.openqa.selenium.remote.JsonWireProtocolResponse.lambda$getResponseFunction$2(JsonWireProtocolResponse.java:91)
	at org.openqa.selenium.remote.ProtocolHandshake.lambda$createSession$0(ProtocolHandshake.java:123)
	at java.util.stream.ReferencePipeline$3$1.accept(ReferencePipeline.java:193)
	at java.util.Spliterators$ArraySpliterator.tryAdvance(Spliterators.java:958)
	at java.util.stream.ReferencePipeline.forEachWithCancel(ReferencePipeline.java:126)
	at java.util.stream.AbstractPipeline.copyIntoWithCancel(AbstractPipeline.java:498)
	at java.util.stream.AbstractPipeline.copyInto(AbstractPipeline.java:485)
	at java.util.stream.AbstractPipeline.wrapAndCopyInto(AbstractPipeline.java:471)
	at java.util.stream.FindOps$FindOp.evaluateSequential(FindOps.java:152)
	at java.util.stream.AbstractPipeline.evaluate(AbstractPipeline.java:234)
	at java.util.stream.ReferencePipeline.findFirst(ReferencePipeline.java:464)
	at org.openqa.selenium.remote.ProtocolHandshake.createSession(ProtocolHandshake.java:126)
	at org.openqa.selenium.remote.ProtocolHandshake.createSession(ProtocolHandshake.java:73)
	at org.openqa.selenium.remote.HttpCommandExecutor.execute(HttpCommandExecutor.java:136)
	at org.openqa.selenium.remote.service.DriverCommandExecutor.execute(DriverCommandExecutor.java:83)
	at org.openqa.selenium.remote.RemoteWebDriver.execute(RemoteWebDriver.java:548)
	at org.openqa.selenium.remote.RemoteWebDriver.startSession(RemoteWebDriver.java:212)
	at org.openqa.selenium.remote.RemoteWebDriver.<init>(RemoteWebDriver.java:130)
	at org.openqa.selenium.chrome.ChromeDriver.<init>(ChromeDriver.java:181)
	at org.openqa.selenium.chrome.ChromeDriver.<init>(ChromeDriver.java:168)
	at org.openqa.selenium.chrome.ChromeDriver.<init>(ChromeDriver.java:123)
	at resources.TestBase.initializeDriver(TestBase.java:48)
	at tests.CreateNewLineupQuestionsTests.navigateToCreateNewLineupQuestionsPage(CreateNewLineupQuestionsTests.java:28)
	at tests.CreateNewLineupQuestionsTests.verifyNavtigateToCreateLineupPage(CreateNewLineupQuestionsTests.java:62)
... Removed 33 stack frames]]>
    </failure>
  </testcase> <!-- verifyNavtigateToCreateLineupPage -->
  <testcase name="verifyFirstQuestionisDisplayed" time="0.0" classname="tests.CreateNewLineupQuestionsTests">
    <skipped/>
  </testcase> <!-- verifyFirstQuestionisDisplayed -->
  <testcase name="verifySecondQuestionisNotDisplayed" time="0.0" classname="tests.CreateNewLineupQuestionsTests">
    <skipped/>
  </testcase> <!-- verifySecondQuestionisNotDisplayed -->
  <testcase name="verifySelectionOfSportRadioButtons" time="0.0" classname="tests.CreateNewLineupQuestionsTests">
    <skipped/>
  </testcase> <!-- verifySelectionOfSportRadioButtons -->
  <testcase name="verifySecondQuestionisDisplayed" time="0.0" classname="tests.CreateNewLineupQuestionsTests">
    <skipped/>
  </testcase> <!-- verifySecondQuestionisDisplayed -->
  <testcase name="verifyThirdQuestionisNotDisplayed" time="0.0" classname="tests.CreateNewLineupQuestionsTests">
    <skipped/>
  </testcase> <!-- verifyThirdQuestionisNotDisplayed -->
  <testcase name="verifySelectionOfGameVariantRadioButtons" time="0.0" classname="tests.CreateNewLineupQuestionsTests">
    <skipped/>
  </testcase> <!-- verifySelectionOfGameVariantRadioButtons -->
  <testcase name="verifyThirdQuestionisDisplayed" time="0.0" classname="tests.CreateNewLineupQuestionsTests">
    <skipped/>
  </testcase> <!-- verifyThirdQuestionisDisplayed -->
  <testcase name="verifyContinueButtonIsNotDisplayed" time="0.0" classname="tests.CreateNewLineupQuestionsTests">
    <skipped/>
  </testcase> <!-- verifyContinueButtonIsNotDisplayed -->
  <testcase name="verifySelectionOfContestStartDateRadioButtons" time="0.0" classname="tests.CreateNewLineupQuestionsTests">
    <skipped/>
  </testcase> <!-- verifySelectionOfContestStartDateRadioButtons -->
  <testcase name="verifyContinueButtonIsDisplayed" time="0.0" classname="tests.CreateNewLineupQuestionsTests">
    <skipped/>
  </testcase> <!-- verifyContinueButtonIsDisplayed -->
</testsuite> <!-- Testing Home Page -->
